<?xml version="1.0" encoding="UTF-8"?>
<!-- Generated by org.testng.reporters.JUnitXMLReporter -->
<testsuite hostname="DESKTOP-KDKBGFP" ignored="0" name="Surefire test" tests="1" failures="1" timestamp="2021-06-06T13:32:13 BST" time="2.069" errors="0">
  <testcase name="verifyUserShouldNavigateToTopMenuPage" time="2.017" classname="com.nopcommerce.demo.topmenutest.TopMenuTest">
    <failure type="java.lang.NullPointerException">
      <![CDATA[java.lang.NullPointerException
at com.nopcommerce.demo.utility.Utility.clickOnElement(Utility.java:16)
at com.nopcommerce.demo.pages.TopMenuPage.selectMenu(TopMenuPage.java:19)
at com.nopcommerce.demo.topmenutest.TopMenuTest.verifyUserShouldNavigateToTopMenuPage(TopMenuTest.java:15)
at java.util.ArrayList.forEach(ArrayList.java:1249)
... Removed 32 stack frames]]>
    </failure>
  </testcase> <!-- verifyUserShouldNavigateToTopMenuPage -->
</testsuite> <!-- Surefire test -->
