-------------------------------------------------------------------------------
Test set: TestSuite
-------------------------------------------------------------------------------
Tests run: 1, Failures: 1, Errors: 0, Skipped: 0, Time elapsed: 2.857 s <<< FAILURE! - in TestSuite
verifyUserShouldNavigateToTopMenuPage(com.nopcommerce.demo.topmenutest.TopMenuTest)  Time elapsed: 2.024 s  <<< FAILURE!
java.lang.NullPointerException
	at com.nopcommerce.demo.topmenutest.TopMenuTest.verifyUserShouldNavigateToTopMenuPage(TopMenuTest.java:15)

